<?xml version="1.0" encoding="UTF-8"?>
<!-- Generated by org.testng.reporters.JUnitReportReporter -->
<testsuite hostname="DESKTOP-7M7051F" failures="0" tests="3" name="testNG_Package.DiasableEnableClass" time="0.010" errors="0" timestamp="2025-05-10T14:54:41 EDT" skipped="2">
  <testcase classname="testNG_Package.DiasableEnableClass" name="test2" time="0.008"/>
  <testcase classname="testNG_Package.DiasableEnableClass" name="test3" time="0.002">
    <skipped/>
  </testcase> <!-- test3 -->
  <testcase classname="testNG_Package.DiasableEnableClass" name="test1">
    <skipped/>
  </testcase> <!-- test1 -->
</testsuite> <!-- testNG_Package.DiasableEnableClass -->
