<?xml version="1.0" encoding="UTF-8"?>
<!-- Generated by org.testng.reporters.JUnitReportReporter -->
<testsuite hostname="DESKTOP-7M7051F" failures="0" tests="2" name="testNG_Package.AnnotationClass" time="0.017" errors="0" timestamp="2025-05-12T14:51:41 EDT" skipped="0">
  <testcase classname="testNG_Package.AnnotationClass" name="test1" time="0.014"/>
  <testcase classname="testNG_Package.AnnotationClass" name="test2" time="0.003"/>
</testsuite> <!-- testNG_Package.AnnotationClass -->
