<?xml version="1.0" encoding="UTF-8"?>
<!-- Generated by org.testng.reporters.JUnitReportReporter -->
<testsuite hostname="DESKTOP-7M7051F" failures="0" tests="2" name="testNG_Package.LoginPriorityClass" time="7.685" errors="0" timestamp="2025-05-12T22:38:04 EDT" skipped="0">
  <testcase classname="testNG_Package.LoginPriorityClass" name="loginprocess" time="6.381"/>
  <testcase classname="testNG_Package.LoginPriorityClass" name="logoutProcess" time="1.304"/>
</testsuite> <!-- testNG_Package.LoginPriorityClass -->
