<?xml version="1.0" encoding="UTF-8"?>
<!-- Generated by org.testng.reporters.JUnitReportReporter -->
<testsuite hostname="DESKTOP-7M7051F" failures="0" tests="3" name="testNG_Package.OpenWebsite" time="7.600" errors="0" timestamp="2025-05-05T12:47:45 EDT" skipped="0">
  <testcase classname="testNG_Package.OpenWebsite" name="opentwitter" time="4.551"/>
  <testcase classname="testNG_Package.OpenWebsite" name="openamazon" time="1.379"/>
  <testcase classname="testNG_Package.OpenWebsite" name="opengoogle" time="1.670"/>
</testsuite> <!-- testNG_Package.OpenWebsite -->
