<?xml version="1.0" encoding="UTF-8"?>
<!-- Generated by org.testng.reporters.JUnitReportReporter -->
<testsuite hostname="DESKTOP-7M7051F" failures="0" tests="4" name="testNG_Package.GroupTest" time="0.014" errors="0" timestamp="2025-05-13T10:45:04 EDT" skipped="0">
  <testcase classname="testNG_Package.GroupTest" name="explorePage" time="0.001"/>
  <testcase classname="testNG_Package.GroupTest" name="openWebsite" time="0.003"/>
  <testcase classname="testNG_Package.GroupTest" name="enterData" time="0.008"/>
  <testcase classname="testNG_Package.GroupTest" name="pressLogin" time="0.002"/>
</testsuite> <!-- testNG_Package.GroupTest -->
