<?xml version="1.0" encoding="UTF-8"?>
<!-- Generated by org.testng.reporters.JUnitReportReporter -->
<testsuite hostname="DESKTOP-7M7051F" failures="0" tests="4" name="testNG_Package.PriorityTestClass" time="10.907" errors="0" timestamp="2025-05-12T22:24:32 EDT" skipped="0">
  <testcase classname="testNG_Package.PriorityTestClass" name="opentwitter" time="4.928"/>
  <testcase classname="testNG_Package.PriorityTestClass" name="openamazon" time="1.672"/>
  <testcase classname="testNG_Package.PriorityTestClass" name="opengoogle" time="2.386"/>
  <testcase classname="testNG_Package.PriorityTestClass" name="facebook" time="1.921"/>
</testsuite> <!-- testNG_Package.PriorityTestClass -->
